2023-03-15 00:26:15 WARN  [grpc-default-executor-10].[].[].[] io.camunda.zeebe.client.job.poller - Failed to activate jobs for worker JD and job type JD
io.grpc.StatusRuntimeException: DEADLINE_EXCEEDED: ClientCall was cancelled at or after deadline. [closed=[CANCELLED], committed=[remote_addr=/127.0.0.1:26500]]
	at io.grpc.Status.asRuntimeException(Status.java:535)
	at io.grpc.stub.ClientCalls$StreamObserverToCallListenerAdapter.onClose(ClientCalls.java:478)
	at io.grpc.internal.ClientCallImpl.closeObserver(ClientCallImpl.java:562)
	at io.grpc.internal.ClientCallImpl.access$300(ClientCallImpl.java:70)
	at io.grpc.internal.ClientCallImpl$ClientStreamListenerImpl$1StreamClosed.runInternal(ClientCallImpl.java:743)
	at io.grpc.internal.ClientCallImpl$ClientStreamListenerImpl$1StreamClosed.runInContext(ClientCallImpl.java:722)
	at io.grpc.internal.ContextRunnable.run(ContextRunnable.java:37)
	at io.grpc.internal.SerializingExecutor.run(SerializingExecutor.java:133)
	at java.base/java.util.concurrent.ThreadPoolExecutor.runWorker(ThreadPoolExecutor.java:1136)
	at java.base/java.util.concurrent.ThreadPoolExecutor$Worker.run(ThreadPoolExecutor.java:635)
	at java.base/java.lang.Thread.run(Thread.java:833)
2023-03-15 08:56:46 WARN  [grpc-default-executor-10].[].[].[] io.camunda.zeebe.client.job.poller - Failed to activate jobs for worker emailWorker#handleJob and job type Profile
io.grpc.StatusRuntimeException: DEADLINE_EXCEEDED: ClientCall was cancelled at or after deadline. [closed=[CANCELLED], committed=[remote_addr=/127.0.0.1:26500]]
	at io.grpc.Status.asRuntimeException(Status.java:535)
	at io.grpc.stub.ClientCalls$StreamObserverToCallListenerAdapter.onClose(ClientCalls.java:478)
	at io.grpc.internal.ClientCallImpl.closeObserver(ClientCallImpl.java:562)
	at io.grpc.internal.ClientCallImpl.access$300(ClientCallImpl.java:70)
	at io.grpc.internal.ClientCallImpl$ClientStreamListenerImpl$1StreamClosed.runInternal(ClientCallImpl.java:743)
	at io.grpc.internal.ClientCallImpl$ClientStreamListenerImpl$1StreamClosed.runInContext(ClientCallImpl.java:722)
	at io.grpc.internal.ContextRunnable.run(ContextRunnable.java:37)
	at io.grpc.internal.SerializingExecutor.run(SerializingExecutor.java:133)
	at java.base/java.util.concurrent.ThreadPoolExecutor.runWorker(ThreadPoolExecutor.java:1136)
	at java.base/java.util.concurrent.ThreadPoolExecutor$Worker.run(ThreadPoolExecutor.java:635)
	at java.base/java.lang.Thread.run(Thread.java:833)
2023-03-15 10:20:31 WARN  [grpc-default-executor-13].[].[].[] io.camunda.zeebe.client.job.poller - Failed to activate jobs for worker JD and job type JD
io.grpc.StatusRuntimeException: DEADLINE_EXCEEDED: ClientCall was cancelled at or after deadline. [closed=[CANCELLED], committed=[remote_addr=/127.0.0.1:26500]]
	at io.grpc.Status.asRuntimeException(Status.java:535)
	at io.grpc.stub.ClientCalls$StreamObserverToCallListenerAdapter.onClose(ClientCalls.java:478)
	at io.grpc.internal.ClientCallImpl.closeObserver(ClientCallImpl.java:562)
	at io.grpc.internal.ClientCallImpl.access$300(ClientCallImpl.java:70)
	at io.grpc.internal.ClientCallImpl$ClientStreamListenerImpl$1StreamClosed.runInternal(ClientCallImpl.java:743)
	at io.grpc.internal.ClientCallImpl$ClientStreamListenerImpl$1StreamClosed.runInContext(ClientCallImpl.java:722)
	at io.grpc.internal.ContextRunnable.run(ContextRunnable.java:37)
	at io.grpc.internal.SerializingExecutor.run(SerializingExecutor.java:133)
	at java.base/java.util.concurrent.ThreadPoolExecutor.runWorker(ThreadPoolExecutor.java:1136)
	at java.base/java.util.concurrent.ThreadPoolExecutor$Worker.run(ThreadPoolExecutor.java:635)
	at java.base/java.lang.Thread.run(Thread.java:833)
2023-03-15 12:10:03 INFO  [RMI TCP Connection(336)-127.0.0.1].[].[].[] o.s.b.a.SpringApplicationAdminMXBeanRegistrar$SpringApplicationAdmin - Application shutdown requested.
