2022-11-05 12:07:26 WARN  [grpc-default-executor-22].[].[].[] io.camunda.zeebe.client.job.poller - Failed to activate jobs for worker Worker2 and job type Worker2
io.grpc.StatusRuntimeException: DEADLINE_EXCEEDED: ClientCall was cancelled at or after deadline. [closed=[CANCELLED], committed=[remote_addr=/127.0.0.1:26500]]
	at io.grpc.Status.asRuntimeException(Status.java:535)
	at io.grpc.stub.ClientCalls$StreamObserverToCallListenerAdapter.onClose(ClientCalls.java:478)
	at io.grpc.internal.ClientCallImpl.closeObserver(ClientCallImpl.java:562)
	at io.grpc.internal.ClientCallImpl.access$300(ClientCallImpl.java:70)
	at io.grpc.internal.ClientCallImpl$ClientStreamListenerImpl$1StreamClosed.runInternal(ClientCallImpl.java:743)
	at io.grpc.internal.ClientCallImpl$ClientStreamListenerImpl$1StreamClosed.runInContext(ClientCallImpl.java:722)
	at io.grpc.internal.ContextRunnable.run(ContextRunnable.java:37)
	at io.grpc.internal.SerializingExecutor.run(SerializingExecutor.java:133)
	at java.base/java.util.concurrent.ThreadPoolExecutor.runWorker(ThreadPoolExecutor.java:1136)
	at java.base/java.util.concurrent.ThreadPoolExecutor$Worker.run(ThreadPoolExecutor.java:635)
	at java.base/java.lang.Thread.run(Thread.java:833)
2022-11-05 13:01:49 WARN  [grpc-default-executor-22].[].[].[] io.camunda.zeebe.client.job.poller - Failed to activate jobs for worker Worker1 and job type Worker1
io.grpc.StatusRuntimeException: DEADLINE_EXCEEDED: ClientCall was cancelled at or after deadline. [closed=[CANCELLED], committed=[remote_addr=/127.0.0.1:26500]]
	at io.grpc.Status.asRuntimeException(Status.java:535)
	at io.grpc.stub.ClientCalls$StreamObserverToCallListenerAdapter.onClose(ClientCalls.java:478)
	at io.grpc.internal.ClientCallImpl.closeObserver(ClientCallImpl.java:562)
	at io.grpc.internal.ClientCallImpl.access$300(ClientCallImpl.java:70)
	at io.grpc.internal.ClientCallImpl$ClientStreamListenerImpl$1StreamClosed.runInternal(ClientCallImpl.java:743)
	at io.grpc.internal.ClientCallImpl$ClientStreamListenerImpl$1StreamClosed.runInContext(ClientCallImpl.java:722)
	at io.grpc.internal.ContextRunnable.run(ContextRunnable.java:37)
	at io.grpc.internal.SerializingExecutor.run(SerializingExecutor.java:133)
	at java.base/java.util.concurrent.ThreadPoolExecutor.runWorker(ThreadPoolExecutor.java:1136)
	at java.base/java.util.concurrent.ThreadPoolExecutor$Worker.run(ThreadPoolExecutor.java:635)
	at java.base/java.lang.Thread.run(Thread.java:833)
2022-11-05 13:23:16 WARN  [grpc-default-executor-23].[].[].[] io.camunda.zeebe.client.job.poller - Failed to activate jobs for worker Worker1 and job type Worker1
io.grpc.StatusRuntimeException: DEADLINE_EXCEEDED: deadline exceeded after 19.999654300s. [closed=[], open=[[remote_addr=/127.0.0.1:26500]]]
	at io.grpc.Status.asRuntimeException(Status.java:535)
	at io.grpc.stub.ClientCalls$StreamObserverToCallListenerAdapter.onClose(ClientCalls.java:478)
	at io.grpc.internal.ClientCallImpl.closeObserver(ClientCallImpl.java:562)
	at io.grpc.internal.ClientCallImpl.access$300(ClientCallImpl.java:70)
	at io.grpc.internal.ClientCallImpl$ClientStreamListenerImpl$1StreamClosed.runInternal(ClientCallImpl.java:743)
	at io.grpc.internal.ClientCallImpl$ClientStreamListenerImpl$1StreamClosed.runInContext(ClientCallImpl.java:722)
	at io.grpc.internal.ContextRunnable.run(ContextRunnable.java:37)
	at io.grpc.internal.SerializingExecutor.run(SerializingExecutor.java:133)
	at java.base/java.util.concurrent.ThreadPoolExecutor.runWorker(ThreadPoolExecutor.java:1136)
	at java.base/java.util.concurrent.ThreadPoolExecutor$Worker.run(ThreadPoolExecutor.java:635)
	at java.base/java.lang.Thread.run(Thread.java:833)
2022-11-05 14:23:20 WARN  [grpc-default-executor-23].[].[].[] io.camunda.zeebe.client.job.poller - Failed to activate jobs for worker Worker1 and job type Worker1
io.grpc.StatusRuntimeException: DEADLINE_EXCEEDED: ClientCall was cancelled at or after deadline. [closed=[CANCELLED], committed=[remote_addr=/127.0.0.1:26500]]
	at io.grpc.Status.asRuntimeException(Status.java:535)
	at io.grpc.stub.ClientCalls$StreamObserverToCallListenerAdapter.onClose(ClientCalls.java:478)
	at io.grpc.internal.ClientCallImpl.closeObserver(ClientCallImpl.java:562)
	at io.grpc.internal.ClientCallImpl.access$300(ClientCallImpl.java:70)
	at io.grpc.internal.ClientCallImpl$ClientStreamListenerImpl$1StreamClosed.runInternal(ClientCallImpl.java:743)
	at io.grpc.internal.ClientCallImpl$ClientStreamListenerImpl$1StreamClosed.runInContext(ClientCallImpl.java:722)
	at io.grpc.internal.ContextRunnable.run(ContextRunnable.java:37)
	at io.grpc.internal.SerializingExecutor.run(SerializingExecutor.java:133)
	at java.base/java.util.concurrent.ThreadPoolExecutor.runWorker(ThreadPoolExecutor.java:1136)
	at java.base/java.util.concurrent.ThreadPoolExecutor$Worker.run(ThreadPoolExecutor.java:635)
	at java.base/java.lang.Thread.run(Thread.java:833)
2022-11-05 15:40:38 WARN  [grpc-default-executor-24].[].[].[] io.camunda.zeebe.client.job.poller - Failed to activate jobs for worker Worker2 and job type Worker2
io.grpc.StatusRuntimeException: DEADLINE_EXCEEDED: ClientCall was cancelled at or after deadline. [closed=[CANCELLED], committed=[remote_addr=/127.0.0.1:26500]]
	at io.grpc.Status.asRuntimeException(Status.java:535)
	at io.grpc.stub.ClientCalls$StreamObserverToCallListenerAdapter.onClose(ClientCalls.java:478)
	at io.grpc.internal.ClientCallImpl.closeObserver(ClientCallImpl.java:562)
	at io.grpc.internal.ClientCallImpl.access$300(ClientCallImpl.java:70)
	at io.grpc.internal.ClientCallImpl$ClientStreamListenerImpl$1StreamClosed.runInternal(ClientCallImpl.java:743)
	at io.grpc.internal.ClientCallImpl$ClientStreamListenerImpl$1StreamClosed.runInContext(ClientCallImpl.java:722)
	at io.grpc.internal.ContextRunnable.run(ContextRunnable.java:37)
	at io.grpc.internal.SerializingExecutor.run(SerializingExecutor.java:133)
	at java.base/java.util.concurrent.ThreadPoolExecutor.runWorker(ThreadPoolExecutor.java:1136)
	at java.base/java.util.concurrent.ThreadPoolExecutor$Worker.run(ThreadPoolExecutor.java:635)
	at java.base/java.lang.Thread.run(Thread.java:833)
